  Using 'git status' to determine working set for adaptive non-unity build (F:\UnrealEngine\UnrealEngine).
  Using 'git status' to determine working set for adaptive non-unity build (F:\UnrealEngine\Projects\TencentGameClass-2021).
  Creating makefile for NetshootEditor (game project files are newer)
  Parsing headers for NetshootEditor
    Running UnrealHeaderTool "F:\UnrealEngine\Projects\TencentGameClass-2021\hw2\Netshoot.uproject" "F:\UnrealEngine\Projects\TencentGameClass-2021\hw2\Intermediate\Build\Win64\NetshootEditor\Development\NetshootEditor.uhtmanifest" -LogCmds="loginit warning, logexit warning, logdatabase error" -Unattended -WarningsAsErrors -abslog="F:\UnrealEngine\UnrealEngine\Engine\Programs\UnrealBuildTool\Log_UHT.txt"
  LogInit: Display: Loading text-based GConfig....
  Reflection code generated for NetshootEditor in 10.0800766 seconds
  Building NetshootEditor and ShaderCompileWorker...
  Using Visual Studio 2019 14.28.29337 toolchain (F:\Visual Studio 2019 IDE\VC\Tools\MSVC\14.28.29333) and Windows 10.0.18362.0 SDK (F:\Windows Kits\10).
  Building 7 actions with 8 processes...
    [1/7] Netshoot.cpp
    [2/7] Netshoot.init.gen.cpp
    [3/7] CustomCreateSessionCallbackProxy.gen.cpp
    [4/7] CustomCreateSessionCallbackProxy.cpp
F:\UnrealEngine\Projects\TencentGameClass-2021\hw2\Source\Netshoot\Private\CustomCreateSessionCallbackProxy.cpp(142): warning C4996: 'APlayerState::UniqueId': This member will be made private. Use GetUniqueId or SetUniqueId instead. Please update your code to the new API before upgrading to the next release, otherwise your project will no longer compile.
    [5/7] UE4Editor-Netshoot.lib
      正在创建库 F:\UnrealEngine\Projects\TencentGameClass-2021\hw2\Intermediate\Build\Win64\UE4Editor\Development\Netshoot\UE4Editor-Netshoot.lib 和对象 F:\UnrealEngine\Projects\TencentGameClass-2021\hw2\Intermediate\Build\Win64\UE4Editor\Development\Netshoot\UE4Editor-Netshoot.exp
    [6/7] UE4Editor-Netshoot.dll
      正在创建库 F:\UnrealEngine\Projects\TencentGameClass-2021\hw2\Intermediate\Build\Win64\UE4Editor\Development\Netshoot\UE4Editor-Netshoot.suppressed.lib 和对象 F:\UnrealEngine\Projects\TencentGameClass-2021\hw2\Intermediate\Build\Win64\UE4Editor\Development\Netshoot\UE4Editor-Netshoot.suppressed.exp
    [7/7] NetshootEditor.target
  Total time in Parallel executor: 16.12 seconds
  Total execution time: 39.05 seconds
